# JRE version: Java(TM) SE Runtime Environment (8.0_101-b13) (build 1.8.0_101-b13)
# Java VM: Java HotSpot(TM) 64-Bit Server VM (25.101-b13 mixed mode linux-amd64 compressed oops)
Heap:
 PSYoungGen      total 226816K, used 44282K [0x00000000eab00000, 0x0000000100000000, 0x0000000100000000)
  eden space 116736K, 0% used [0x00000000eab00000,0x00000000eab00000,0x00000000f1d00000)
  from space 110080K, 40% used [0x00000000f9480000,0x00000000fbfbe8c0,0x0000000100000000)
  to   space 116224K, 0% used [0x00000000f1d00000,0x00000000f1d00000,0x00000000f8e80000)
 ParOldGen       total 413184K, used 412702K [0x00000000c0000000, 0x00000000d9380000, 0x00000000eab00000)
  object space 413184K, 99% used [0x00000000c0000000,0x00000000d9307bd0,0x00000000d9380000)
 Metaspace       used 6587K, capacity 7320K, committed 7680K, reserved 1056768K
  class space    used 616K, capacity 656K, committed 768K, reserved 1048576K
GC Heap History (10 events):
Event: 19.740 GC heap after
Heap after GC invocations=23 (full 3):
 PSYoungGen      total 248832K, used 47361K [0x00000000eab00000, 0x00000000ff780000, 0x0000000100000000)
  eden space 156672K, 0% used [0x00000000eab00000,0x00000000eab00000,0x00000000f4400000)
  from space 92160K, 51% used [0x00000000f9d80000,0x00000000fcbc0650,0x00000000ff780000)
  to   space 91648K, 0% used [0x00000000f4400000,0x00000000f4400000,0x00000000f9d80000)
 ParOldGen       total 413184K, used 325266K [0x00000000c0000000, 0x00000000d9380000, 0x00000000eab00000)
  object space 413184K, 78% used [0x00000000c0000000,0x00000000d3da4900,0x00000000d9380000)
 Metaspace       used 6575K, capacity 7320K, committed 7680K, reserved 1056768K
  class space    used 615K, capacity 656K, committed 768K, reserved 1048576K
}
Event: 20.334 GC heap before
{Heap before GC invocations=24 (full 3):
 PSYoungGen      total 248832K, used 204033K [0x00000000eab00000, 0x00000000ff780000, 0x0000000100000000)
  eden space 156672K, 100% used [0x00000000eab00000,0x00000000f4400000,0x00000000f4400000)
  from space 92160K, 51% used [0x00000000f9d80000,0x00000000fcbc0650,0x00000000ff780000)
  to   space 91648K, 0% used [0x00000000f4400000,0x00000000f4400000,0x00000000f9d80000)
 ParOldGen       total 413184K, used 325266K [0x00000000c0000000, 0x00000000d9380000, 0x00000000eab00000)
  object space 413184K, 78% used [0x00000000c0000000,0x00000000d3da4900,0x00000000d9380000)
 Metaspace       used 6575K, capacity 7320K, committed 7680K, reserved 1056768K
  class space    used 615K, capacity 656K, committed 768K, reserved 1048576K
Event: 20.460 GC heap after
Heap after GC invocations=24 (full 3):
 PSYoungGen      total 248320K, used 72471K [0x00000000eab00000, 0x0000000100000000, 0x0000000100000000)
  eden space 156672K, 0% used [0x00000000eab00000,0x00000000eab00000,0x00000000f4400000)
  from space 91648K, 79% used [0x00000000f4400000,0x00000000f8ac5c18,0x00000000f9d80000)
  to   space 97792K, 0% used [0x00000000fa080000,0x00000000fa080000,0x0000000100000000)
 ParOldGen       total 413184K, used 325266K [0x00000000c0000000, 0x00000000d9380000, 0x00000000eab00000)
  object space 413184K, 78% used [0x00000000c0000000,0x00000000d3da4900,0x00000000d9380000)
 Metaspace       used 6575K, capacity 7320K, committed 7680K, reserved 1056768K
  class space    used 615K, capacity 656K, committed 768K, reserved 1048576K
}
Event: 20.874 GC heap before
{Heap before GC invocations=25 (full 3):
 PSYoungGen      total 248320K, used 229143K [0x00000000eab00000, 0x0000000100000000, 0x0000000100000000)
  eden space 156672K, 100% used [0x00000000eab00000,0x00000000f4400000,0x00000000f4400000)
  from space 91648K, 79% used [0x00000000f4400000,0x00000000f8ac5c18,0x00000000f9d80000)
  to   space 97792K, 0% used [0x00000000fa080000,0x00000000fa080000,0x0000000100000000)
 ParOldGen       total 413184K, used 325266K [0x00000000c0000000, 0x00000000d9380000, 0x00000000eab00000)
  object space 413184K, 78% used [0x00000000c0000000,0x00000000d3da4900,0x00000000d9380000)
 Metaspace       used 6587K, capacity 7320K, committed 7680K, reserved 1056768K
  class space    used 616K, capacity 656K, committed 768K, reserved 1048576K
Event: 20.962 GC heap after
Heap after GC invocations=25 (full 3):
 PSYoungGen      total 226816K, used 91582K [0x00000000eab00000, 0x0000000100000000, 0x0000000100000000)
  eden space 129024K, 0% used [0x00000000eab00000,0x00000000eab00000,0x00000000f2900000)
  from space 97792K, 93% used [0x00000000fa080000,0x00000000ff9ef888,0x0000000100000000)
  to   space 110080K, 0% used [0x00000000f2900000,0x00000000f2900000,0x00000000f9480000)
 ParOldGen       total 413184K, used 325266K [0x00000000c0000000, 0x00000000d9380000, 0x00000000eab00000)
  object space 413184K, 78% used [0x00000000c0000000,0x00000000d3da4900,0x00000000d9380000)
 Metaspace       used 6587K, capacity 7320K, committed 7680K, reserved 1056768K
  class space    used 616K, capacity 656K, committed 768K, reserved 1048576K
}
Event: 21.318 GC heap before
{Heap before GC invocations=26 (full 3):
 PSYoungGen      total 226816K, used 220606K [0x00000000eab00000, 0x0000000100000000, 0x0000000100000000)
  eden space 129024K, 100% used [0x00000000eab00000,0x00000000f2900000,0x00000000f2900000)
  from space 97792K, 93% used [0x00000000fa080000,0x00000000ff9ef888,0x0000000100000000)
  to   space 110080K, 0% used [0x00000000f2900000,0x00000000f2900000,0x00000000f9480000)
 ParOldGen       total 413184K, used 325266K [0x00000000c0000000, 0x00000000d9380000, 0x00000000eab00000)
  object space 413184K, 78% used [0x00000000c0000000,0x00000000d3da4900,0x00000000d9380000)
 Metaspace       used 6587K, capacity 7320K, committed 7680K, reserved 1056768K
  class space    used 616K, capacity 656K, committed 768K, reserved 1048576K
Event: 21.446 GC heap after
Heap after GC invocations=26 (full 3):
 PSYoungGen      total 239104K, used 110078K [0x00000000eab00000, 0x0000000100000000, 0x0000000100000000)
  eden space 129024K, 0% used [0x00000000eab00000,0x00000000eab00000,0x00000000f2900000)
  from space 110080K, 99% used [0x00000000f2900000,0x00000000f947f888,0x00000000f9480000)
  to   space 110080K, 0% used [0x00000000f9480000,0x00000000f9480000,0x0000000100000000)
 ParOldGen       total 413184K, used 326226K [0x00000000c0000000, 0x00000000d9380000, 0x00000000eab00000)
  object space 413184K, 78% used [0x00000000c0000000,0x00000000d3e94808,0x00000000d9380000)
 Metaspace       used 6587K, capacity 7320K, committed 7680K, reserved 1056768K
  class space    used 616K, capacity 656K, committed 768K, reserved 1048576K
}
Event: 21.802 GC heap before
{Heap before GC invocations=27 (full 3):
 PSYoungGen      total 239104K, used 239102K [0x00000000eab00000, 0x0000000100000000, 0x0000000100000000)
  eden space 129024K, 100% used [0x00000000eab00000,0x00000000f2900000,0x00000000f2900000)
  from space 110080K, 99% used [0x00000000f2900000,0x00000000f947f888,0x00000000f9480000)
  to   space 110080K, 0% used [0x00000000f9480000,0x00000000f9480000,0x0000000100000000)
 ParOldGen       total 413184K, used 327100K [0x00000000c0000000, 0x00000000d9380000, 0x00000000eab00000)
  object space 413184K, 79% used [0x00000000c0000000,0x00000000d3f6f1d8,0x00000000d9380000)
 Metaspace       used 6587K, capacity 7320K, committed 7680K, reserved 1056768K
  class space    used 616K, capacity 656K, committed 768K, reserved 1048576K
Event: 22.017 GC heap after
Heap after GC invocations=27 (full 3):
 PSYoungGen      total 226816K, used 87589K [0x00000000eab00000, 0x0000000100000000, 0x0000000100000000)
  eden space 116736K, 0% used [0x00000000eab00000,0x00000000eab00000,0x00000000f1d00000)
  from space 110080K, 79% used [0x00000000f9480000,0x00000000fea095b8,0x0000000100000000)
  to   space 116224K, 0% used [0x00000000f1d00000,0x00000000f1d00000,0x00000000f8e80000)
 ParOldGen       total 413184K, used 373816K [0x00000000c0000000, 0x00000000d9380000, 0x00000000eab00000)
  object space 413184K, 90% used [0x00000000c0000000,0x00000000d6d0e3c0,0x00000000d9380000)
 Metaspace       used 6587K, capacity 7320K, committed 7680K, reserved 1056768K
  class space    used 616K, capacity 656K, committed 768K, reserved 1048576K
}
Event: 22.017 GC heap before
{Heap before GC invocations=28 (full 4):
 PSYoungGen      total 226816K, used 87589K [0x00000000eab00000, 0x0000000100000000, 0x0000000100000000)
  eden space 116736K, 0% used [0x00000000eab00000,0x00000000eab00000,0x00000000f1d00000)
  from space 110080K, 79% used [0x00000000f9480000,0x00000000fea095b8,0x0000000100000000)
  to   space 116224K, 0% used [0x00000000f1d00000,0x00000000f1d00000,0x00000000f8e80000)
 ParOldGen       total 413184K, used 373816K [0x00000000c0000000, 0x00000000d9380000, 0x00000000eab00000)
  object space 413184K, 90% used [0x00000000c0000000,0x00000000d6d0e3c0,0x00000000d9380000)
 Metaspace       used 6587K, capacity 7320K, committed 7680K, reserved 1056768K
  class space    used 616K, capacity 656K, committed 768K, reserved 1048576K

