# JRE version: Java(TM) SE Runtime Environment (8.0_101-b13) (build 1.8.0_101-b13)
# Java VM: Java HotSpot(TM) 64-Bit Server VM (25.101-b13 mixed mode linux-amd64 compressed oops)
Heap:
 PSYoungGen      total 229888K, used 17607K [0x00000000eab00000, 0x0000000100000000, 0x0000000100000000)
  eden space 176128K, 0% used [0x00000000eab00000,0x00000000eab00000,0x00000000f5700000)
  from space 53760K, 32% used [0x00000000f5700000,0x00000000f6831ee8,0x00000000f8b80000)
  to   space 88064K, 0% used [0x00000000faa00000,0x00000000faa00000,0x0000000100000000)
 ParOldGen       total 271360K, used 270948K [0x00000000c0000000, 0x00000000d0900000, 0x00000000eab00000)
  object space 271360K, 99% used [0x00000000c0000000,0x00000000d0899038,0x00000000d0900000)
 Metaspace       used 6596K, capacity 7320K, committed 7680K, reserved 1056768K
  class space    used 615K, capacity 656K, committed 768K, reserved 1048576K
GC Heap History (10 events):
Event: 10.455 GC heap after
Heap after GC invocations=13 (full 2):
 PSYoungGen      total 266240K, used 23900K [0x00000000eab00000, 0x0000000100000000, 0x0000000100000000)
  eden space 183296K, 0% used [0x00000000eab00000,0x00000000eab00000,0x00000000f5e00000)
  from space 82944K, 28% used [0x00000000f5e00000,0x00000000f7557020,0x00000000faf00000)
  to   space 82944K, 0% used [0x00000000faf00000,0x00000000faf00000,0x0000000100000000)
 ParOldGen       total 271360K, used 160731K [0x00000000c0000000, 0x00000000d0900000, 0x00000000eab00000)
  object space 271360K, 59% used [0x00000000c0000000,0x00000000c9cf6ce8,0x00000000d0900000)
 Metaspace       used 6567K, capacity 7320K, committed 7680K, reserved 1056768K
  class space    used 615K, capacity 656K, committed 768K, reserved 1048576K
}
Event: 11.039 GC heap before
{Heap before GC invocations=14 (full 2):
 PSYoungGen      total 266240K, used 207196K [0x00000000eab00000, 0x0000000100000000, 0x0000000100000000)
  eden space 183296K, 100% used [0x00000000eab00000,0x00000000f5e00000,0x00000000f5e00000)
  from space 82944K, 28% used [0x00000000f5e00000,0x00000000f7557020,0x00000000faf00000)
  to   space 82944K, 0% used [0x00000000faf00000,0x00000000faf00000,0x0000000100000000)
 ParOldGen       total 271360K, used 160731K [0x00000000c0000000, 0x00000000d0900000, 0x00000000eab00000)
  object space 271360K, 59% used [0x00000000c0000000,0x00000000c9cf6ce8,0x00000000d0900000)
 Metaspace       used 6581K, capacity 7320K, committed 7680K, reserved 1056768K
  class space    used 615K, capacity 656K, committed 768K, reserved 1048576K
Event: 11.246 GC heap after
Heap after GC invocations=14 (full 2):
 PSYoungGen      total 264192K, used 43566K [0x00000000eab00000, 0x00000000ffe00000, 0x0000000100000000)
  eden space 183296K, 0% used [0x00000000eab00000,0x00000000eab00000,0x00000000f5e00000)
  from space 80896K, 53% used [0x00000000faf00000,0x00000000fd98ba88,0x00000000ffe00000)
  to   space 81920K, 0% used [0x00000000f5e00000,0x00000000f5e00000,0x00000000fae00000)
 ParOldGen       total 271360K, used 167589K [0x00000000c0000000, 0x00000000d0900000, 0x00000000eab00000)
  object space 271360K, 61% used [0x00000000c0000000,0x00000000ca3a9768,0x00000000d0900000)
 Metaspace       used 6581K, capacity 7320K, committed 7680K, reserved 1056768K
  class space    used 615K, capacity 656K, committed 768K, reserved 1048576K
}
Event: 11.741 GC heap before
{Heap before GC invocations=15 (full 2):
 PSYoungGen      total 264192K, used 226862K [0x00000000eab00000, 0x00000000ffe00000, 0x0000000100000000)
  eden space 183296K, 100% used [0x00000000eab00000,0x00000000f5e00000,0x00000000f5e00000)
  from space 80896K, 53% used [0x00000000faf00000,0x00000000fd98ba88,0x00000000ffe00000)
  to   space 81920K, 0% used [0x00000000f5e00000,0x00000000f5e00000,0x00000000fae00000)
 ParOldGen       total 271360K, used 167589K [0x00000000c0000000, 0x00000000d0900000, 0x00000000eab00000)
  object space 271360K, 61% used [0x00000000c0000000,0x00000000ca3a9768,0x00000000d0900000)
 Metaspace       used 6584K, capacity 7320K, committed 7680K, reserved 1056768K
  class space    used 615K, capacity 656K, committed 768K, reserved 1048576K
Event: 11.829 GC heap after
Heap after GC invocations=15 (full 2):
 PSYoungGen      total 237056K, used 53742K [0x00000000eab00000, 0x0000000100000000, 0x0000000100000000)
  eden space 183296K, 0% used [0x00000000eab00000,0x00000000eab00000,0x00000000f5e00000)
  from space 53760K, 99% used [0x00000000f5e00000,0x00000000f927bae8,0x00000000f9280000)
  to   space 84992K, 0% used [0x00000000fad00000,0x00000000fad00000,0x0000000100000000)
 ParOldGen       total 271360K, used 183480K [0x00000000c0000000, 0x00000000d0900000, 0x00000000eab00000)
  object space 271360K, 67% used [0x00000000c0000000,0x00000000cb32e390,0x00000000d0900000)
 Metaspace       used 6584K, capacity 7320K, committed 7680K, reserved 1056768K
  class space    used 615K, capacity 656K, committed 768K, reserved 1048576K
}
Event: 12.290 GC heap before
{Heap before GC invocations=16 (full 2):
 PSYoungGen      total 237056K, used 237038K [0x00000000eab00000, 0x0000000100000000, 0x0000000100000000)
  eden space 183296K, 100% used [0x00000000eab00000,0x00000000f5e00000,0x00000000f5e00000)
  from space 53760K, 99% used [0x00000000f5e00000,0x00000000f927bae8,0x00000000f9280000)
  to   space 84992K, 0% used [0x00000000fad00000,0x00000000fad00000,0x0000000100000000)
 ParOldGen       total 271360K, used 183480K [0x00000000c0000000, 0x00000000d0900000, 0x00000000eab00000)
  object space 271360K, 67% used [0x00000000c0000000,0x00000000cb32e390,0x00000000d0900000)
 Metaspace       used 6596K, capacity 7320K, committed 7680K, reserved 1056768K
  class space    used 615K, capacity 656K, committed 768K, reserved 1048576K
Event: 12.428 GC heap after
Heap after GC invocations=16 (full 2):
 PSYoungGen      total 261120K, used 53907K [0x00000000eab00000, 0x0000000100000000, 0x0000000100000000)
  eden space 176128K, 0% used [0x00000000eab00000,0x00000000eab00000,0x00000000f5700000)
  from space 84992K, 63% used [0x00000000fad00000,0x00000000fe1a4e10,0x0000000100000000)
  to   space 86528K, 0% used [0x00000000f5700000,0x00000000f5700000,0x00000000fab80000)
 ParOldGen       total 271360K, used 209655K [0x00000000c0000000, 0x00000000d0900000, 0x00000000eab00000)
  object space 271360K, 77% used [0x00000000c0000000,0x00000000cccbde20,0x00000000d0900000)
 Metaspace       used 6596K, capacity 7320K, committed 7680K, reserved 1056768K
  class space    used 615K, capacity 656K, committed 768K, reserved 1048576K
}
Event: 12.892 GC heap before
{Heap before GC invocations=17 (full 2):
 PSYoungGen      total 261120K, used 230035K [0x00000000eab00000, 0x0000000100000000, 0x0000000100000000)
  eden space 176128K, 100% used [0x00000000eab00000,0x00000000f5700000,0x00000000f5700000)
  from space 84992K, 63% used [0x00000000fad00000,0x00000000fe1a4e10,0x0000000100000000)
  to   space 86528K, 0% used [0x00000000f5700000,0x00000000f5700000,0x00000000fab80000)
 ParOldGen       total 271360K, used 209655K [0x00000000c0000000, 0x00000000d0900000, 0x00000000eab00000)
  object space 271360K, 77% used [0x00000000c0000000,0x00000000cccbde20,0x00000000d0900000)
 Metaspace       used 6596K, capacity 7320K, committed 7680K, reserved 1056768K
  class space    used 615K, capacity 656K, committed 768K, reserved 1048576K
Event: 13.047 GC heap after
Heap after GC invocations=17 (full 2):
 PSYoungGen      total 229888K, used 53626K [0x00000000eab00000, 0x0000000100000000, 0x0000000100000000)
  eden space 176128K, 0% used [0x00000000eab00000,0x00000000eab00000,0x00000000f5700000)
  from space 53760K, 99% used [0x00000000f5700000,0x00000000f8b5ebf8,0x00000000f8b80000)
  to   space 88064K, 0% used [0x00000000faa00000,0x00000000faa00000,0x0000000100000000)
 ParOldGen       total 271360K, used 236254K [0x00000000c0000000, 0x00000000d0900000, 0x00000000eab00000)
  object space 271360K, 87% used [0x00000000c0000000,0x00000000ce6b7850,0x00000000d0900000)
 Metaspace       used 6596K, capacity 7320K, committed 7680K, reserved 1056768K
  class space    used 615K, capacity 656K, committed 768K, reserved 1048576K
}
Event: 13.047 GC heap before
{Heap before GC invocations=18 (full 3):
 PSYoungGen      total 229888K, used 53626K [0x00000000eab00000, 0x0000000100000000, 0x0000000100000000)
  eden space 176128K, 0% used [0x00000000eab00000,0x00000000eab00000,0x00000000f5700000)
  from space 53760K, 99% used [0x00000000f5700000,0x00000000f8b5ebf8,0x00000000f8b80000)
  to   space 88064K, 0% used [0x00000000faa00000,0x00000000faa00000,0x0000000100000000)
 ParOldGen       total 271360K, used 236254K [0x00000000c0000000, 0x00000000d0900000, 0x00000000eab00000)
  object space 271360K, 87% used [0x00000000c0000000,0x00000000ce6b7850,0x00000000d0900000)
 Metaspace       used 6596K, capacity 7320K, committed 7680K, reserved 1056768K
  class space    used 615K, capacity 656K, committed 768K, reserved 1048576K

